C51 COMPILER V9.00   ADC_FUN                                                               06/25/2018 13:22:53 PAGE 1   


C51 COMPILER V9.00, COMPILATION OF MODULE ADC_FUN
OBJECT MODULE PLACED IN ADC_Fun.OBJ
COMPILER INVOKED BY: C:\Keil\C51\BIN\C51.EXE ADC_Fun.c LARGE BROWSE DEBUG OBJECTEXTEND

line level    source

   1          #include "ADC_Fun.h"
   2          #include "Delay_Fun.h"
   3          #include "intrins.h"
   4          #include "Stc_Math.h"
   5          
   6          /*----------------------------
   7          Initial ADC sfr
   8          ----------------------------*/
   9          void InitADC(unsigned char Port)
  10          {
  11   1          unsigned int i;
  12   1          P1ASF = Port;                          //Open 8 channels ADC function
  13   1          ADC_RES = 0;                           //Clear previous result
  14   1          ADC_CONTR = ADC_POWER | ADC_SPEEDLL;
  15   1          for(i=0;i<16;i++)                      //ADC power-on and delay   16ms
  16   1              {
  17   2                      Delay1ms();
  18   2              }
  19   1      }
  20          
  21          /*----------------------------
  22          Get ADC result
  23          ----------------------------*/
  24          unsigned char GetADCResult(unsigned char ch)
  25          {
  26   1          unsigned char I;
  27   1              //I = ADC_CONTR;
  28   1              
  29   1          ADC_CONTR = ADC_POWER | ADC_SPEEDLL| ch | ADC_START;        //ADC_POWER | ADC_SPEEDLL |
  30   1          _nop_();                        //Must wait before inquiry
  31   1          _nop_();
  32   1          _nop_();
  33   1          _nop_();
  34   1          while (!(ADC_CONTR & ADC_FLAG));//Wait complete flag
  35   1          ADC_CONTR &= ~ADC_FLAG;         //Close ADC
  36   1      
  37   1              
  38   1              I = ADC_RES;
  39   1      
  40   1              ADC_RES = 0;
  41   1          return I;                 //Return ADC result
  42   1      }
  43          
  44          /*----------------------------
  45          Get Vin(1000倍) 8位  精确小数后3位
  46          ----------------------------*/
  47          unsigned int Vin_8(unsigned char ADCResult,unsigned int VREF)
  48          {
  49   1              unsigned long Vin;
  50   1              EA = 0;                           
  51   1              //公式：Vin = Vcc(5)*ADCResult/256
  52   1              Vin = ((unsigned long)ADCResult*VREF*10)>>8;    
  53   1              EA = 1;
  54   1              return (unsigned int)Vin;       
  55   1      }
C51 COMPILER V9.00   ADC_FUN                                                               06/25/2018 13:22:53 PAGE 2   

  56          
  57          /*----------------------------------------
  58          Get Vin(1000倍) 8位  精确小数后3位  字符串
  59          ----------------------------------------
  60          void GetVinString(unsigned char ADCResult,unsigned char* VinString)
  61          {
  62                  unsigned int Vin;
  63                  unsigned char i;
  64                  Vin = Vin_8(ADCResult,VREF);
  65                  EA = 0;
  66                  WordToStr(Vin,VinString,4);
  67                  EA = 1;
  68              for(i=4;i>=2;i--)
  69                  {
  70                          VinString[i] = VinString[i-1];
  71                  }
  72                  VinString[1] = '.';
  73          }
  74          */
  75          
  76          


MODULE INFORMATION:   STATIC OVERLAYABLE
   CODE SIZE        =     94    ----
   CONSTANT SIZE    =   ----    ----
   XDATA SIZE       =   ----       2
   PDATA SIZE       =   ----    ----
   DATA SIZE        =   ----    ----
   IDATA SIZE       =   ----    ----
   BIT SIZE         =   ----    ----
END OF MODULE INFORMATION.


C51 COMPILATION COMPLETE.  0 WARNING(S),  0 ERROR(S)
