C51 COMPILER V9.00   STC_MATH                                                              06/25/2018 08:37:27 PAGE 1   


C51 COMPILER V9.00, COMPILATION OF MODULE STC_MATH
OBJECT MODULE PLACED IN Stc_Math.OBJ
COMPILER INVOKED BY: C:\Keil\C51\BIN\C51.EXE Stc_Math.c LARGE BROWSE DEBUG OBJECTEXTEND

line level    source

   1          #include "Stc_Math.h"
   2          #include "reg51.h"
   3          
   4          unsigned char Average(unsigned char* str)
   5          {
   6   1              unsigned char i,Max,Min;
   7   1              unsigned int sum;
   8   1              Max = str[0];
   9   1              Min = str[0];
  10   1              for(i=0;i<=9;i++)
  11   1              {
  12   2                      if(str[i] >= Max)
  13   2                      {
  14   3                              Max = str[i];
  15   3                      }
  16   2                      if(str[i] <= Min)
  17   2                      {
  18   3                              Min = str[i];
  19   3                      } 
  20   2              }
  21   1              sum = 0;
  22   1              for(i=0;i<=9;i++)
  23   1              {
  24   2                      sum = sum + (unsigned int)str[i];       
  25   2              }
  26   1              sum = sum - (unsigned int)Max - (unsigned int)Min;
  27   1              Max = (unsigned char)(sum>>3);
  28   1              return Max;
  29   1      }
  30          
  31          unsigned char Compare(unsigned int first,unsigned int second)
  32          {
  33   1              unsigned char signal1,signal2;                                                   //0正数，1负数
  34   1              signal1 = 0;
  35   1              signal2 = 0;
  36   1              if(first == second)
  37   1              {
  38   2                      return 0;
  39   2              }
  40   1              if(first&0x8000)
  41   1              {
  42   2                      signal1 = 1;
  43   2              }
  44   1              if(second&0x8000)
  45   1              {
  46   2                      signal2 = 1;
  47   2              }
  48   1              if(signal1==signal2)
  49   1              {
  50   2                      if(signal1==0)
  51   2                      {
  52   3                              if(first>second)
  53   3                              {
  54   4                                      return 1;
  55   4                              }
C51 COMPILER V9.00   STC_MATH                                                              06/25/2018 08:37:27 PAGE 2   

  56   3                              else  
  57   3                              {
  58   4                                      return 2;
  59   4                              }
  60   3                      }
  61   2                      else
  62   2                      {
  63   3                              if(first>second)
  64   3                              {
  65   4                                      return 2;
  66   4                              }
  67   3                              else  
  68   3                              {
  69   4                                      return 1;
  70   4                              }
  71   3                      }
  72   2              }
  73   1              if(signal1>signal2)
  74   1              {
  75   2                      return 2;
  76   2              }
  77   1              else
  78   1              {
  79   2                      return 1;
  80   2              }
  81   1      }
  82          
  83          


MODULE INFORMATION:   STATIC OVERLAYABLE
   CODE SIZE        =    267    ----
   CONSTANT SIZE    =   ----    ----
   XDATA SIZE       =   ----       7
   PDATA SIZE       =   ----    ----
   DATA SIZE        =   ----    ----
   IDATA SIZE       =   ----    ----
   BIT SIZE         =   ----    ----
END OF MODULE INFORMATION.


C51 COMPILATION COMPLETE.  0 WARNING(S),  0 ERROR(S)
